<?xml version="1.0" encoding="UTF-8"?>
<coverage generated="1737553175211" clover="3.2.0">
  <project timestamp="1737553175213" name="All files">
    <metrics statements="74" coveredstatements="28" conditionals="35" coveredconditionals="6" methods="12" coveredmethods="4" elements="121" coveredelements="38" complexity="0" loc="74" ncloc="74" packages="1" files="2" classes="2"/>
    <file name="App.jsx" path="C:\Users\HugoB\Documents\Projet_technique\microservices-M2Web\MonProjet\projet-devops\src\App.jsx">
      <metrics statements="73" coveredstatements="28" conditionals="35" coveredconditionals="6" methods="12" coveredmethods="4"/>
      <line num="16" count="1" type="stmt"/>
      <line num="17" count="1" type="stmt"/>
      <line num="18" count="1" type="stmt"/>
      <line num="21" count="1" type="stmt"/>
      <line num="22" count="1" type="stmt"/>
      <line num="23" count="1" type="stmt"/>
      <line num="24" count="1" type="stmt"/>
      <line num="25" count="1" type="stmt"/>
      <line num="26" count="1" type="stmt"/>
      <line num="29" count="1" type="stmt"/>
      <line num="30" count="1" type="stmt"/>
      <line num="31" count="1" type="stmt"/>
      <line num="32" count="1" type="stmt"/>
      <line num="33" count="1" type="stmt"/>
      <line num="34" count="1" type="stmt"/>
      <line num="37" count="1" type="stmt"/>
      <line num="38" count="1" type="stmt"/>
      <line num="41" count="1" type="stmt"/>
      <line num="42" count="1" type="stmt"/>
      <line num="43" count="1" type="stmt"/>
      <line num="44" count="1" type="stmt"/>
      <line num="45" count="0" type="cond" truecount="0" falsecount="2"/>
      <line num="46" count="0" type="stmt"/>
      <line num="48" count="0" type="stmt"/>
      <line num="51" count="0" type="cond" truecount="0" falsecount="2"/>
      <line num="52" count="0" type="cond" truecount="0" falsecount="2"/>
      <line num="53" count="0" type="cond" truecount="0" falsecount="2"/>
      <line num="54" count="0" type="cond" truecount="0" falsecount="2"/>
      <line num="55" count="0" type="cond" truecount="0" falsecount="2"/>
      <line num="56" count="0" type="cond" truecount="0" falsecount="2"/>
      <line num="58" count="0" type="stmt"/>
      <line num="62" count="1" type="stmt"/>
      <line num="66" count="1" type="stmt"/>
      <line num="67" count="0" type="stmt"/>
      <line num="68" count="0" type="stmt"/>
      <line num="70" count="0" type="stmt"/>
      <line num="79" count="0" type="stmt"/>
      <line num="80" count="0" type="stmt"/>
      <line num="88" count="0" type="cond" truecount="0" falsecount="2"/>
      <line num="89" count="0" type="stmt"/>
      <line num="92" count="0" type="stmt"/>
      <line num="93" count="0" type="stmt"/>
      <line num="94" count="0" type="stmt"/>
      <line num="96" count="0" type="stmt"/>
      <line num="98" count="0" type="stmt"/>
      <line num="103" count="1" type="stmt"/>
      <line num="104" count="1" type="stmt"/>
      <line num="105" count="0" type="stmt"/>
      <line num="106" count="0" type="stmt"/>
      <line num="108" count="0" type="cond" truecount="0" falsecount="2"/>
      <line num="109" count="0" type="stmt"/>
      <line num="110" count="0" type="stmt"/>
      <line num="113" count="0" type="stmt"/>
      <line num="114" count="0" type="stmt"/>
      <line num="115" count="0" type="stmt"/>
      <line num="117" count="0" type="cond" truecount="0" falsecount="2"/>
      <line num="118" count="0" type="stmt"/>
      <line num="121" count="0" type="stmt"/>
      <line num="122" count="0" type="stmt"/>
      <line num="125" count="0" type="cond" truecount="0" falsecount="2"/>
      <line num="126" count="0" type="stmt"/>
      <line num="129" count="0" type="stmt"/>
      <line num="132" count="0" type="stmt"/>
      <line num="135" count="1" type="stmt"/>
      <line num="136" count="0" type="cond" truecount="0" falsecount="2"/>
      <line num="137" count="0" type="stmt"/>
      <line num="141" count="1" type="stmt"/>
      <line num="190" count="6" type="stmt"/>
      <line num="197" count="0" type="stmt"/>
      <line num="202" count="0" type="stmt"/>
      <line num="256" count="0" type="stmt"/>
      <line num="274" count="0" type="stmt"/>
      <line num="277" count="0" type="stmt"/>
    </file>
    <file name="main.jsx" path="C:\Users\HugoB\Documents\Projet_technique\microservices-M2Web\MonProjet\projet-devops\src\main.jsx">
      <metrics statements="1" coveredstatements="0" conditionals="0" coveredconditionals="0" methods="0" coveredmethods="0"/>
      <line num="6" count="0" type="stmt"/>
    </file>
  </project>
</coverage>
