{"C:\\Users\\HugoB\\Documents\\Projet_technique\\microservices-M2Web\\MonProjet\\projet-devops\\src\\App.jsx": {"path":"C:\\Users\\HugoB\\Documents\\Projet_technique\\microservices-M2Web\\MonProjet\\projet-devops\\src\\App.jsx","statementMap":{"0":{"start":{"line":16,"column":46},"end":{"line":16,"column":58}},"1":{"start":{"line":17,"column":36},"end":{"line":17,"column":51}},"2":{"start":{"line":18,"column":28},"end":{"line":18,"column":42}},"3":{"start":{"line":21,"column":48},"end":{"line":21,"column":60}},"4":{"start":{"line":22,"column":32},"end":{"line":22,"column":44}},"5":{"start":{"line":23,"column":36},"end":{"line":23,"column":48}},"6":{"start":{"line":24,"column":42},"end":{"line":24,"column":54}},"7":{"start":{"line":25,"column":34},"end":{"line":25,"column":46}},"8":{"start":{"line":26,"column":44},"end":{"line":26,"column":56}},"9":{"start":{"line":29,"column":40},"end":{"line":29,"column":52}},"10":{"start":{"line":30,"column":42},"end":{"line":30,"column":54}},"11":{"start":{"line":31,"column":46},"end":{"line":31,"column":58}},"12":{"start":{"line":32,"column":52},"end":{"line":32,"column":64}},"13":{"start":{"line":33,"column":44},"end":{"line":33,"column":56}},"14":{"start":{"line":34,"column":54},"end":{"line":34,"column":66}},"15":{"start":{"line":37,"column":40},"end":{"line":37,"column":51}},"16":{"start":{"line":38,"column":23},"end":{"line":38,"column":25}},"17":{"start":{"line":41,"column":2},"end":{"line":63,"column":9}},"18":{"start":{"line":42,"column":25},"end":{"line":60,"column":5}},"19":{"start":{"line":43,"column":6},"end":{"line":59,"column":7}},"20":{"start":{"line":44,"column":25},"end":{"line":44,"column":87}},"21":{"start":{"line":45,"column":8},"end":{"line":47,"column":9}},"22":{"start":{"line":46,"column":10},"end":{"line":46,"column":61}},"23":{"start":{"line":48,"column":21},"end":{"line":48,"column":42}},"24":{"start":{"line":51,"column":8},"end":{"line":51,"column":59}},"25":{"start":{"line":52,"column":8},"end":{"line":52,"column":52}},"26":{"start":{"line":53,"column":8},"end":{"line":53,"column":45}},"27":{"start":{"line":54,"column":8},"end":{"line":54,"column":51}},"28":{"start":{"line":55,"column":8},"end":{"line":55,"column":43}},"29":{"start":{"line":56,"column":8},"end":{"line":56,"column":64}},"30":{"start":{"line":58,"column":8},"end":{"line":58,"column":79}},"31":{"start":{"line":62,"column":4},"end":{"line":62,"column":19}},"32":{"start":{"line":66,"column":27},"end":{"line":100,"column":3}},"33":{"start":{"line":67,"column":4},"end":{"line":67,"column":23}},"34":{"start":{"line":68,"column":4},"end":{"line":68,"column":19}},"35":{"start":{"line":70,"column":19},"end":{"line":77,"column":5}},"36":{"start":{"line":79,"column":4},"end":{"line":99,"column":5}},"37":{"start":{"line":80,"column":23},"end":{"line":86,"column":8}},"38":{"start":{"line":88,"column":6},"end":{"line":90,"column":7}},"39":{"start":{"line":89,"column":8},"end":{"line":89,"column":59}},"40":{"start":{"line":92,"column":19},"end":{"line":92,"column":40}},"41":{"start":{"line":93,"column":6},"end":{"line":93,"column":30}},"42":{"start":{"line":94,"column":6},"end":{"line":94,"column":24}},"43":{"start":{"line":96,"column":6},"end":{"line":96,"column":84}},"44":{"start":{"line":98,"column":6},"end":{"line":98,"column":26}},"45":{"start":{"line":103,"column":21},"end":{"line":103,"column":68}},"46":{"start":{"line":104,"column":29},"end":{"line":133,"column":3}},"47":{"start":{"line":105,"column":18},"end":{"line":105,"column":20}},"48":{"start":{"line":106,"column":21},"end":{"line":106,"column":23}},"49":{"start":{"line":108,"column":4},"end":{"line":130,"column":5}},"50":{"start":{"line":109,"column":6},"end":{"line":111,"column":7}},"51":{"start":{"line":109,"column":19},"end":{"line":109,"column":20}},"52":{"start":{"line":110,"column":8},"end":{"line":110,"column":22}},"53":{"start":{"line":113,"column":6},"end":{"line":113,"column":20}},"54":{"start":{"line":114,"column":18},"end":{"line":114,"column":46}},"55":{"start":{"line":115,"column":16},"end":{"line":115,"column":57}},"56":{"start":{"line":117,"column":6},"end":{"line":119,"column":7}},"57":{"start":{"line":118,"column":8},"end":{"line":118,"column":26}},"58":{"start":{"line":121,"column":6},"end":{"line":123,"column":7}},"59":{"start":{"line":121,"column":19},"end":{"line":121,"column":24}},"60":{"start":{"line":122,"column":8},"end":{"line":122,"column":22}},"61":{"start":{"line":125,"column":6},"end":{"line":127,"column":7}},"62":{"start":{"line":126,"column":8},"end":{"line":126,"column":26}},"63":{"start":{"line":129,"column":6},"end":{"line":129,"column":29}},"64":{"start":{"line":132,"column":4},"end":{"line":132,"column":17}},"65":{"start":{"line":135,"column":27},"end":{"line":139,"column":3}},"66":{"start":{"line":136,"column":4},"end":{"line":138,"column":5}},"67":{"start":{"line":137,"column":6},"end":{"line":137,"column":27}},"68":{"start":{"line":141,"column":2},"end":{"line":289,"column":4}},"69":{"start":{"line":190,"column":12},"end":{"line":205,"column":18}},"70":{"start":{"line":197,"column":33},"end":{"line":197,"column":62}},"71":{"start":{"line":202,"column":18},"end":{"line":202,"column":56}},"72":{"start":{"line":256,"column":22},"end":{"line":267,"column":27}},"73":{"start":{"line":274,"column":18},"end":{"line":281,"column":27}},"74":{"start":{"line":277,"column":35},"end":{"line":277,"column":57}}},"fnMap":{"0":{"name":"App","decl":{"start":{"line":15,"column":9},"end":{"line":15,"column":12}},"loc":{"start":{"line":15,"column":15},"end":{"line":290,"column":1}},"line":15},"1":{"name":"(anonymous_1)","decl":{"start":{"line":41,"column":12},"end":{"line":41,"column":13}},"loc":{"start":{"line":41,"column":18},"end":{"line":63,"column":3}},"line":41},"2":{"name":"(anonymous_2)","decl":{"start":{"line":42,"column":25},"end":{"line":42,"column":26}},"loc":{"start":{"line":42,"column":37},"end":{"line":60,"column":5}},"line":42},"3":{"name":"(anonymous_3)","decl":{"start":{"line":66,"column":27},"end":{"line":66,"column":28}},"loc":{"start":{"line":66,"column":39},"end":{"line":100,"column":3}},"line":66},"4":{"name":"(anonymous_4)","decl":{"start":{"line":104,"column":29},"end":{"line":104,"column":30}},"loc":{"start":{"line":104,"column":35},"end":{"line":133,"column":3}},"line":104},"5":{"name":"(anonymous_5)","decl":{"start":{"line":135,"column":27},"end":{"line":135,"column":28}},"loc":{"start":{"line":135,"column":37},"end":{"line":139,"column":3}},"line":135},"6":{"name":"(anonymous_6)","decl":{"start":{"line":189,"column":16},"end":{"line":189,"column":17}},"loc":{"start":{"line":190,"column":12},"end":{"line":205,"column":18}},"line":190},"7":{"name":"(anonymous_7)","decl":{"start":{"line":197,"column":26},"end":{"line":197,"column":27}},"loc":{"start":{"line":197,"column":33},"end":{"line":197,"column":62}},"line":197},"8":{"name":"(anonymous_8)","decl":{"start":{"line":201,"column":36},"end":{"line":201,"column":37}},"loc":{"start":{"line":202,"column":18},"end":{"line":202,"column":56}},"line":202},"9":{"name":"(anonymous_9)","decl":{"start":{"line":255,"column":25},"end":{"line":255,"column":26}},"loc":{"start":{"line":256,"column":22},"end":{"line":267,"column":27}},"line":256},"10":{"name":"(anonymous_10)","decl":{"start":{"line":273,"column":42},"end":{"line":273,"column":43}},"loc":{"start":{"line":274,"column":18},"end":{"line":281,"column":27}},"line":274},"11":{"name":"(anonymous_11)","decl":{"start":{"line":277,"column":29},"end":{"line":277,"column":30}},"loc":{"start":{"line":277,"column":35},"end":{"line":277,"column":57}},"line":277}},"branchMap":{"0":{"loc":{"start":{"line":45,"column":8},"end":{"line":47,"column":9}},"type":"if","locations":[{"start":{"line":45,"column":8},"end":{"line":47,"column":9}},{"start":{},"end":{}}],"line":45},"1":{"loc":{"start":{"line":51,"column":27},"end":{"line":51,"column":57}},"type":"binary-expr","locations":[{"start":{"line":51,"column":27},"end":{"line":51,"column":51}},{"start":{"line":51,"column":55},"end":{"line":51,"column":57}}],"line":51},"2":{"loc":{"start":{"line":52,"column":19},"end":{"line":52,"column":50}},"type":"binary-expr","locations":[{"start":{"line":52,"column":19},"end":{"line":52,"column":44}},{"start":{"line":52,"column":48},"end":{"line":52,"column":50}}],"line":52},"3":{"loc":{"start":{"line":53,"column":21},"end":{"line":53,"column":43}},"type":"binary-expr","locations":[{"start":{"line":53,"column":21},"end":{"line":53,"column":37}},{"start":{"line":53,"column":41},"end":{"line":53,"column":43}}],"line":53},"4":{"loc":{"start":{"line":54,"column":24},"end":{"line":54,"column":49}},"type":"binary-expr","locations":[{"start":{"line":54,"column":24},"end":{"line":54,"column":43}},{"start":{"line":54,"column":47},"end":{"line":54,"column":49}}],"line":54},"5":{"loc":{"start":{"line":55,"column":20},"end":{"line":55,"column":41}},"type":"binary-expr","locations":[{"start":{"line":55,"column":20},"end":{"line":55,"column":35}},{"start":{"line":55,"column":39},"end":{"line":55,"column":41}}],"line":55},"6":{"loc":{"start":{"line":56,"column":25},"end":{"line":56,"column":62}},"type":"binary-expr","locations":[{"start":{"line":56,"column":25},"end":{"line":56,"column":56}},{"start":{"line":56,"column":60},"end":{"line":56,"column":62}}],"line":56},"7":{"loc":{"start":{"line":88,"column":6},"end":{"line":90,"column":7}},"type":"if","locations":[{"start":{"line":88,"column":6},"end":{"line":90,"column":7}},{"start":{},"end":{}}],"line":88},"8":{"loc":{"start":{"line":108,"column":4},"end":{"line":130,"column":5}},"type":"if","locations":[{"start":{"line":108,"column":4},"end":{"line":130,"column":5}},{"start":{"line":112,"column":11},"end":{"line":130,"column":5}}],"line":108},"9":{"loc":{"start":{"line":117,"column":6},"end":{"line":119,"column":7}},"type":"if","locations":[{"start":{"line":117,"column":6},"end":{"line":119,"column":7}},{"start":{},"end":{}}],"line":117},"10":{"loc":{"start":{"line":125,"column":6},"end":{"line":127,"column":7}},"type":"if","locations":[{"start":{"line":125,"column":6},"end":{"line":127,"column":7}},{"start":{},"end":{}}],"line":125},"11":{"loc":{"start":{"line":136,"column":4},"end":{"line":138,"column":5}},"type":"if","locations":[{"start":{"line":136,"column":4},"end":{"line":138,"column":5}},{"start":{},"end":{}}],"line":136},"12":{"loc":{"start":{"line":214,"column":7},"end":{"line":219,"column":7}},"type":"binary-expr","locations":[{"start":{"line":214,"column":7},"end":{"line":214,"column":16}},{"start":{"line":215,"column":8},"end":{"line":218,"column":14}}],"line":214},"13":{"loc":{"start":{"line":221,"column":7},"end":{"line":226,"column":7}},"type":"binary-expr","locations":[{"start":{"line":221,"column":7},"end":{"line":221,"column":12}},{"start":{"line":222,"column":8},"end":{"line":225,"column":14}}],"line":221},"14":{"loc":{"start":{"line":228,"column":7},"end":{"line":287,"column":7}},"type":"binary-expr","locations":[{"start":{"line":228,"column":7},"end":{"line":228,"column":17}},{"start":{"line":228,"column":21},"end":{"line":228,"column":27}},{"start":{"line":229,"column":8},"end":{"line":286,"column":14}}],"line":228},"15":{"loc":{"start":{"line":230,"column":11},"end":{"line":285,"column":11}},"type":"cond-expr","locations":[{"start":{"line":231,"column":12},"end":{"line":231,"column":73}},{"start":{"line":233,"column":12},"end":{"line":284,"column":15}}],"line":230},"16":{"loc":{"start":{"line":276,"column":31},"end":{"line":276,"column":67}},"type":"cond-expr","locations":[{"start":{"line":276,"column":54},"end":{"line":276,"column":62}},{"start":{"line":276,"column":65},"end":{"line":276,"column":67}}],"line":276}},"s":{"0":1,"1":1,"2":1,"3":1,"4":1,"5":1,"6":1,"7":1,"8":1,"9":1,"10":1,"11":1,"12":1,"13":1,"14":1,"15":1,"16":1,"17":1,"18":1,"19":1,"20":1,"21":0,"22":0,"23":0,"24":0,"25":0,"26":0,"27":0,"28":0,"29":0,"30":0,"31":1,"32":1,"33":0,"34":0,"35":0,"36":0,"37":0,"38":0,"39":0,"40":0,"41":0,"42":0,"43":0,"44":0,"45":1,"46":1,"47":0,"48":0,"49":0,"50":0,"51":0,"52":0,"53":0,"54":0,"55":0,"56":0,"57":0,"58":0,"59":0,"60":0,"61":0,"62":0,"63":0,"64":0,"65":1,"66":0,"67":0,"68":1,"69":6,"70":0,"71":0,"72":0,"73":0,"74":0},"f":{"0":1,"1":1,"2":1,"3":0,"4":0,"5":0,"6":6,"7":0,"8":0,"9":0,"10":0,"11":0},"b":{"0":[0,0],"1":[0,0],"2":[0,0],"3":[0,0],"4":[0,0],"5":[0,0],"6":[0,0],"7":[0,0],"8":[0,0],"9":[0,0],"10":[0,0],"11":[0,0],"12":[1,0],"13":[1,0],"14":[1,1,1],"15":[1,0],"16":[0,0]},"_coverageSchema":"1a1c01bbd47fc00a2c39e90264f33305004495a9","hash":"f224b2359fcd1cb92f853dc13c8b38aed6cf5bca"}
,"C:\\Users\\HugoB\\Documents\\Projet_technique\\microservices-M2Web\\MonProjet\\projet-devops\\src\\main.jsx": {"path":"C:\\Users\\HugoB\\Documents\\Projet_technique\\microservices-M2Web\\MonProjet\\projet-devops\\src\\main.jsx","statementMap":{"0":{"start":{"line":6,"column":0},"end":{"line":10,"column":1}}},"fnMap":{},"branchMap":{},"s":{"0":0},"f":{},"b":{}}
}
