TN:
SF:src\App.jsx
FN:15,App
FN:41,(anonymous_1)
FN:42,(anonymous_2)
FN:66,(anonymous_3)
FN:104,(anonymous_4)
FN:135,(anonymous_5)
FN:189,(anonymous_6)
FN:197,(anonymous_7)
FN:201,(anonymous_8)
FN:255,(anonymous_9)
FN:273,(anonymous_10)
FN:277,(anonymous_11)
FNF:12
FNH:4
FNDA:1,App
FNDA:1,(anonymous_1)
FNDA:1,(anonymous_2)
FNDA:0,(anonymous_3)
FNDA:0,(anonymous_4)
FNDA:0,(anonymous_5)
FNDA:6,(anonymous_6)
FNDA:0,(anonymous_7)
FNDA:0,(anonymous_8)
FNDA:0,(anonymous_9)
FNDA:0,(anonymous_10)
FNDA:0,(anonymous_11)
DA:16,1
DA:17,1
DA:18,1
DA:21,1
DA:22,1
DA:23,1
DA:24,1
DA:25,1
DA:26,1
DA:29,1
DA:30,1
DA:31,1
DA:32,1
DA:33,1
DA:34,1
DA:37,1
DA:38,1
DA:41,1
DA:42,1
DA:43,1
DA:44,1
DA:45,0
DA:46,0
DA:48,0
DA:51,0
DA:52,0
DA:53,0
DA:54,0
DA:55,0
DA:56,0
DA:58,0
DA:62,1
DA:66,1
DA:67,0
DA:68,0
DA:70,0
DA:79,0
DA:80,0
DA:88,0
DA:89,0
DA:92,0
DA:93,0
DA:94,0
DA:96,0
DA:98,0
DA:103,1
DA:104,1
DA:105,0
DA:106,0
DA:108,0
DA:109,0
DA:110,0
DA:113,0
DA:114,0
DA:115,0
DA:117,0
DA:118,0
DA:121,0
DA:122,0
DA:125,0
DA:126,0
DA:129,0
DA:132,0
DA:135,1
DA:136,0
DA:137,0
DA:141,1
DA:190,6
DA:197,0
DA:202,0
DA:256,0
DA:274,0
DA:277,0
LF:73
LH:28
BRDA:45,0,0,0
BRDA:45,0,1,0
BRDA:51,1,0,0
BRDA:51,1,1,0
BRDA:52,2,0,0
BRDA:52,2,1,0
BRDA:53,3,0,0
BRDA:53,3,1,0
BRDA:54,4,0,0
BRDA:54,4,1,0
BRDA:55,5,0,0
BRDA:55,5,1,0
BRDA:56,6,0,0
BRDA:56,6,1,0
BRDA:88,7,0,0
BRDA:88,7,1,0
BRDA:108,8,0,0
BRDA:108,8,1,0
BRDA:117,9,0,0
BRDA:117,9,1,0
BRDA:125,10,0,0
BRDA:125,10,1,0
BRDA:136,11,0,0
BRDA:136,11,1,0
BRDA:214,12,0,1
BRDA:214,12,1,0
BRDA:221,13,0,1
BRDA:221,13,1,0
BRDA:228,14,0,1
BRDA:228,14,1,1
BRDA:228,14,2,1
BRDA:230,15,0,1
BRDA:230,15,1,0
BRDA:276,16,0,0
BRDA:276,16,1,0
BRF:35
BRH:6
end_of_record
TN:
SF:src\main.jsx
FNF:0
FNH:0
DA:6,0
LF:1
LH:0
BRF:0
BRH:0
end_of_record
